  MOC logginginterface.h
  MOC mapformat.h
  MOC plugin.h
  MOC pluginmanager.h
  compression.cpp
  gidmapper.cpp
  hexagonalrenderer.cpp
  imagelayer.cpp
  imagereference.cpp
  isometricrenderer.cpp
  layer.cpp
  map.cpp
  mapobject.cpp
  mapreader.cpp
  maprenderer.cpp
  maptovariantconverter.cpp
  mapwriter.cpp
  objectgroup.cpp
  orthogonalrenderer.cpp
  plugin.cpp
  pluginmanager.cpp
  properties.cpp
  staggeredrenderer.cpp
  tile.cpp
  Создание кода...
  Компиляция...
  tilelayer.cpp
  tileset.cpp
  tilesetformat.cpp
  varianttomapconverter.cpp
  moc_logginginterface.cpp
  moc_mapformat.cpp
  moc_plugin.cpp
  moc_pluginmanager.cpp
  Создание кода...
LINK : fatal error LNK1181: не удается открыть входной файл "\lib\Qt5Gui.lib"
